{"/Users/achavez/Documents/repos/workshops/sample-project/src/App.vue": {"path":"/Users/achavez/Documents/repos/workshops/sample-project/src/App.vue","statementMap":{"0":{"start":{"line":11,"column":0},"end":{"line":11,"column":null}},"1":{"start":{"line":12,"column":0},"end":{"line":12,"column":null}},"2":{"start":{"line":23,"column":0},"end":{"line":23,"column":null}},"3":{"start":{"line":1,"column":0},"end":{"line":1,"column":null}}},"fnMap":{"0":{"name":"(anonymous_0)","decl":{"start":{"line":22,"column":0},"end":{"line":22,"column":null}},"loc":{"start":{"line":22,"column":0},"end":{"line":24,"column":null}}},"1":{"name":"(anonymous_1)","decl":{"start":{"line":1,"column":0},"end":{"line":1,"column":null}},"loc":{"start":{"line":1,"column":0},"end":{"line":1,"column":null}}}},"branchMap":{},"s":{"0":1,"1":1,"2":3,"3":35},"f":{"0":3,"1":24},"b":{}}
,"/Users/achavez/Documents/repos/workshops/sample-project/src/api/index.js": {"path":"/Users/achavez/Documents/repos/workshops/sample-project/src/api/index.js","statementMap":{"0":{"start":{"line":3,"column":28},"end":{"line":3,"column":62}},"1":{"start":{"line":5,"column":17},"end":{"line":7,"column":2}}},"fnMap":{},"branchMap":{},"s":{"0":2,"1":2},"f":{},"b":{},"_coverageSchema":"1a1c01bbd47fc00a2c39e90264f33305004495a9","hash":"fe71362c5ffe436d3e5dfeb00ee32ea4a12dd4ad"}
,"/Users/achavez/Documents/repos/workshops/sample-project/src/components/Character/Character.vue": {"path":"/Users/achavez/Documents/repos/workshops/sample-project/src/components/Character/Character.vue","statementMap":{"0":{"start":{"line":1,"column":0},"end":{"line":1,"column":null}}},"fnMap":{"0":{"name":"(anonymous_0)","decl":{"start":{"line":1,"column":0},"end":{"line":1,"column":null}},"loc":{"start":{"line":1,"column":0},"end":{"line":1,"column":null}}}},"branchMap":{},"s":{"0":69},"f":{"0":21},"b":{}}
,"/Users/achavez/Documents/repos/workshops/sample-project/src/mocks/handlers.js": {"path":"/Users/achavez/Documents/repos/workshops/sample-project/src/mocks/handlers.js","statementMap":{"0":{"start":{"line":7,"column":4},"end":{"line":7,"column":40}}},"fnMap":{"0":{"name":"(anonymous_0)","decl":{"start":{"line":6,"column":39},"end":{"line":6,"column":40}},"loc":{"start":{"line":6,"column":58},"end":{"line":8,"column":3}},"line":6}},"branchMap":{},"s":{"0":2},"f":{"0":2},"b":{},"_coverageSchema":"1a1c01bbd47fc00a2c39e90264f33305004495a9","hash":"ee01b6b6414e76deeea8adde12c7ab62aa3c70c1"}
,"/Users/achavez/Documents/repos/workshops/sample-project/src/mocks/server.js": {"path":"/Users/achavez/Documents/repos/workshops/sample-project/src/mocks/server.js","statementMap":{"0":{"start":{"line":4,"column":22},"end":{"line":4,"column":46}}},"fnMap":{},"branchMap":{},"s":{"0":2},"f":{},"b":{},"_coverageSchema":"1a1c01bbd47fc00a2c39e90264f33305004495a9","hash":"5c02ecd4437b2eedf906fb6cd3780615f3ea7a74"}
,"/Users/achavez/Documents/repos/workshops/sample-project/src/store/index.js": {"path":"/Users/achavez/Documents/repos/workshops/sample-project/src/store/index.js","statementMap":{"0":{"start":{"line":5,"column":0},"end":{"line":5,"column":14}},"1":{"start":{"line":7,"column":31},"end":{"line":22,"column":2}},"2":{"start":{"line":7,"column":38},"end":{"line":22,"column":1}},"3":{"start":{"line":13,"column":6},"end":{"line":13,"column":33}},"4":{"start":{"line":18,"column":23},"end":{"line":18,"column":49}},"5":{"start":{"line":19,"column":6},"end":{"line":19,"column":54}},"6":{"start":{"line":24,"column":21},"end":{"line":24,"column":54}}},"fnMap":{"0":{"name":"(anonymous_0)","decl":{"start":{"line":7,"column":31},"end":{"line":7,"column":32}},"loc":{"start":{"line":7,"column":38},"end":{"line":22,"column":1}},"line":7},"1":{"name":"(anonymous_1)","decl":{"start":{"line":12,"column":20},"end":{"line":12,"column":21}},"loc":{"start":{"line":12,"column":40},"end":{"line":14,"column":5}},"line":12},"2":{"name":"(anonymous_2)","decl":{"start":{"line":17,"column":4},"end":{"line":17,"column":5}},"loc":{"start":{"line":17,"column":36},"end":{"line":20,"column":5}},"line":17}},"branchMap":{},"s":{"0":1,"1":1,"2":4,"3":2,"4":2,"5":2,"6":1},"f":{"0":4,"1":2,"2":2},"b":{},"_coverageSchema":"1a1c01bbd47fc00a2c39e90264f33305004495a9","hash":"afbba79d971d31870abe2590f2dab28d84cec80d"}
}
