{"/Users/achavez/Documents/repos/workshops/sample-project/src/App.vue": {"path":"/Users/achavez/Documents/repos/workshops/sample-project/src/App.vue","statementMap":{"0":{"start":{"line":11,"column":0},"end":{"line":11,"column":null}},"1":{"start":{"line":12,"column":0},"end":{"line":12,"column":null}},"2":{"start":{"line":23,"column":0},"end":{"line":23,"column":null}},"3":{"start":{"line":1,"column":0},"end":{"line":1,"column":null}}},"fnMap":{"0":{"name":"(anonymous_0)","decl":{"start":{"line":22,"column":0},"end":{"line":22,"column":null}},"loc":{"start":{"line":22,"column":0},"end":{"line":24,"column":null}}},"1":{"name":"(anonymous_1)","decl":{"start":{"line":1,"column":0},"end":{"line":1,"column":null}},"loc":{"start":{"line":1,"column":0},"end":{"line":1,"column":null}}}},"branchMap":{},"s":{"0":1,"1":1,"2":3,"3":35},"f":{"0":3,"1":24},"b":{}}
,"/Users/achavez/Documents/repos/workshops/sample-project/src/api/index.js": {"path":"/Users/achavez/Documents/repos/workshops/sample-project/src/api/index.js","statementMap":{"0":{"start":{"line":3,"column":28},"end":{"line":3,"column":62}},"1":{"start":{"line":5,"column":17},"end":{"line":7,"column":2}},"2":{"start":{"line":10,"column":10},"end":{"line":10,"column":11}},"3":{"start":{"line":11,"column":2},"end":{"line":15,"column":3}},"4":{"start":{"line":12,"column":4},"end":{"line":12,"column":10}},"5":{"start":{"line":14,"column":4},"end":{"line":14,"column":10}},"6":{"start":{"line":18,"column":0},"end":{"line":18,"column":15}}},"fnMap":{"0":{"name":"testFunction","decl":{"start":{"line":9,"column":9},"end":{"line":9,"column":21}},"loc":{"start":{"line":9,"column":24},"end":{"line":16,"column":1}},"line":9}},"branchMap":{"0":{"loc":{"start":{"line":11,"column":2},"end":{"line":15,"column":3}},"type":"if","locations":[{"start":{"line":11,"column":2},"end":{"line":15,"column":3}},{"start":{"line":11,"column":2},"end":{"line":15,"column":3}}],"line":11}},"s":{"0":3,"1":3,"2":3,"3":3,"4":3,"5":0,"6":3},"f":{"0":3},"b":{"0":[3,0]},"_coverageSchema":"1a1c01bbd47fc00a2c39e90264f33305004495a9","hash":"557385c2d4c1dbeafab33a2d2eec855812abc5e2"}
,"/Users/achavez/Documents/repos/workshops/sample-project/src/components/Character/Character.vue": {"path":"/Users/achavez/Documents/repos/workshops/sample-project/src/components/Character/Character.vue","statementMap":{"0":{"start":{"line":1,"column":0},"end":{"line":1,"column":null}}},"fnMap":{"0":{"name":"(anonymous_0)","decl":{"start":{"line":1,"column":0},"end":{"line":1,"column":null}},"loc":{"start":{"line":1,"column":0},"end":{"line":1,"column":null}}}},"branchMap":{},"s":{"0":69},"f":{"0":21},"b":{}}
,"/Users/achavez/Documents/repos/workshops/sample-project/src/mocks/handlers.js": {"path":"/Users/achavez/Documents/repos/workshops/sample-project/src/mocks/handlers.js","statementMap":{"0":{"start":{"line":5,"column":21},"end":{"line":7,"column":1}},"1":{"start":{"line":6,"column":2},"end":{"line":6,"column":48}},"2":{"start":{"line":11,"column":4},"end":{"line":11,"column":40}}},"fnMap":{"0":{"name":"(anonymous_0)","decl":{"start":{"line":5,"column":21},"end":{"line":5,"column":22}},"loc":{"start":{"line":5,"column":31},"end":{"line":7,"column":1}},"line":5},"1":{"name":"(anonymous_1)","decl":{"start":{"line":10,"column":38},"end":{"line":10,"column":39}},"loc":{"start":{"line":10,"column":57},"end":{"line":12,"column":3}},"line":10}},"branchMap":{},"s":{"0":3,"1":3,"2":3},"f":{"0":3,"1":3},"b":{},"_coverageSchema":"1a1c01bbd47fc00a2c39e90264f33305004495a9","hash":"1e31cb845f5c3a5cd20de3aefc2b4aa019c15be6"}
,"/Users/achavez/Documents/repos/workshops/sample-project/src/mocks/server.js": {"path":"/Users/achavez/Documents/repos/workshops/sample-project/src/mocks/server.js","statementMap":{"0":{"start":{"line":4,"column":22},"end":{"line":4,"column":46}}},"fnMap":{},"branchMap":{},"s":{"0":3},"f":{},"b":{},"_coverageSchema":"1a1c01bbd47fc00a2c39e90264f33305004495a9","hash":"5c02ecd4437b2eedf906fb6cd3780615f3ea7a74"}
,"/Users/achavez/Documents/repos/workshops/sample-project/src/store/index.js": {"path":"/Users/achavez/Documents/repos/workshops/sample-project/src/store/index.js","statementMap":{"0":{"start":{"line":7,"column":0},"end":{"line":7,"column":14}},"1":{"start":{"line":9,"column":31},"end":{"line":24,"column":2}},"2":{"start":{"line":9,"column":38},"end":{"line":24,"column":1}},"3":{"start":{"line":15,"column":6},"end":{"line":15,"column":33}},"4":{"start":{"line":20,"column":23},"end":{"line":20,"column":49}},"5":{"start":{"line":21,"column":6},"end":{"line":21,"column":67}},"6":{"start":{"line":26,"column":21},"end":{"line":26,"column":54}}},"fnMap":{"0":{"name":"(anonymous_0)","decl":{"start":{"line":9,"column":31},"end":{"line":9,"column":32}},"loc":{"start":{"line":9,"column":38},"end":{"line":24,"column":1}},"line":9},"1":{"name":"(anonymous_1)","decl":{"start":{"line":14,"column":37},"end":{"line":14,"column":38}},"loc":{"start":{"line":14,"column":57},"end":{"line":16,"column":5}},"line":14},"2":{"name":"(anonymous_2)","decl":{"start":{"line":19,"column":4},"end":{"line":19,"column":5}},"loc":{"start":{"line":19,"column":36},"end":{"line":22,"column":5}},"line":19}},"branchMap":{},"s":{"0":2,"1":2,"2":8,"3":4,"4":3,"5":3,"6":2},"f":{"0":8,"1":4,"2":3},"b":{},"_coverageSchema":"1a1c01bbd47fc00a2c39e90264f33305004495a9","hash":"18b2fb9a7df4d2c07a5aa18fbf32967294fc04d7"}
,"/Users/achavez/Documents/repos/workshops/sample-project/src/store/mutation-types.js": {"path":"/Users/achavez/Documents/repos/workshops/sample-project/src/store/mutation-types.js","statementMap":{"0":{"start":{"line":1,"column":30},"end":{"line":3,"column":1}}},"fnMap":{},"branchMap":{},"s":{"0":2},"f":{},"b":{},"_coverageSchema":"1a1c01bbd47fc00a2c39e90264f33305004495a9","hash":"f17a5f7583a808194e36872689f91a117a915b24"}
}
