TN:
SF:src/App.vue
FN:22,(anonymous_0)
FN:1,(anonymous_1)
FNF:2
FNH:2
FNDA:3,(anonymous_0)
FNDA:24,(anonymous_1)
DA:1,35
DA:11,1
DA:12,1
DA:23,3
LF:4
LH:4
BRF:0
BRH:0
end_of_record
TN:
SF:src/api/index.js
FN:9,testFunction
FNF:1
FNH:1
FNDA:3,testFunction
DA:3,3
DA:5,3
DA:10,3
DA:11,3
DA:12,3
DA:14,0
DA:18,3
LF:7
LH:6
BRDA:11,0,0,3
BRDA:11,0,1,0
BRF:2
BRH:1
end_of_record
TN:
SF:src/components/Character/Character.vue
FN:1,(anonymous_0)
FNF:1
FNH:1
FNDA:21,(anonymous_0)
DA:1,69
LF:1
LH:1
BRF:0
BRH:0
end_of_record
TN:
SF:src/mocks/handlers.js
FN:5,(anonymous_0)
FN:10,(anonymous_1)
FNF:2
FNH:2
FNDA:3,(anonymous_0)
FNDA:3,(anonymous_1)
DA:5,3
DA:6,3
DA:11,3
LF:3
LH:3
BRF:0
BRH:0
end_of_record
TN:
SF:src/mocks/server.js
FNF:0
FNH:0
DA:4,3
LF:1
LH:1
BRF:0
BRH:0
end_of_record
TN:
SF:src/store/index.js
FN:9,(anonymous_0)
FN:14,(anonymous_1)
FN:19,(anonymous_2)
FNF:3
FNH:3
FNDA:8,(anonymous_0)
FNDA:4,(anonymous_1)
FNDA:3,(anonymous_2)
DA:7,2
DA:9,8
DA:15,4
DA:20,3
DA:21,3
DA:26,2
LF:6
LH:6
BRF:0
BRH:0
end_of_record
TN:
SF:src/store/mutation-types.js
FNF:0
FNH:0
DA:1,2
LF:1
LH:1
BRF:0
BRH:0
end_of_record
